<?xml version="1.0" encoding="UTF-8"?>
<!-- Generated by org.testng.reporters.JUnitReportReporter -->
<testsuite hostname="Thohahaha" failures="0" tests="3" name="RegisterTest" time="7.585" errors="0" timestamp="2022-02-21T19:17:34 SGT" skipped="0">
  <testcase classname="RegisterTest" name="checkEditDetails" time="5.832"/>
  <system-out/>
  <testcase classname="RegisterTest" name="checkHomeButton" time="0.424"/>
  <system-out/>
  <testcase classname="RegisterTest" name="checkRegisterForm" time="1.329"/>
  <system-out/>
</testsuite> <!-- RegisterTest -->
